c:\youseef\asu university\spring 2025\hpc\hpc_projecttemplate\hpc_projecttemplate\hpc_projecttemplate\debug\vc142.pdb
c:\youseef\asu university\spring 2025\hpc\hpc_projecttemplate\hpc_projecttemplate\hpc_projecttemplate\debug\.netframework,version=v4.0.assemblyattributes.obj
c:\youseef\asu university\spring 2025\hpc\hpc_projecttemplate\hpc_projecttemplate\hpc_projecttemplate\debug\source.obj
c:\youseef\asu university\spring 2025\hpc\mpi_background_subtractor\hpc_projecttemplate\hpc_projecttemplate\debug\vc142.pdb
c:\youseef\asu university\spring 2025\hpc\mpi_background_subtractor\hpc_projecttemplate\hpc_projecttemplate\debug\.netframework,version=v4.0.assemblyattributes.obj
c:\youseef\asu university\spring 2025\hpc\mpi_background_subtractor\hpc_projecttemplate\hpc_projecttemplate\debug\source.obj
c:\youseef\asu university\spring 2025\hpc\hpc_projecttemplate\hpc_projecttemplate\debug\hpc_projecttemplate.exe
c:\youseef\asu university\spring 2025\hpc\hpc_projecttemplate\hpc_projecttemplate\debug\hpc_projecttemplate.pdb
c:\youseef\asu university\spring 2025\hpc\mpi_background_subtractor\hpc_projecttemplate\debug\hpc_projecttemplate.exe
c:\youseef\asu university\spring 2025\hpc\mpi_background_subtractor\hpc_projecttemplate\debug\hpc_projecttemplate.pdb
c:\youseef\asu university\spring 2025\hpc\mpi_background_subtractor\hpc_projecttemplate\hpc_projecttemplate\debug\hpc_projecttemplate.vcxprojassemblyreference.cache
c:\youseef\asu university\spring 2025\hpc\mpi_background_subtractor\hpc_projecttemplate\hpc_projecttemplate\debug\vc141.pdb
c:\youseef\asu university\spring 2025\hpc\mpi_background_subtractor\hpc_projecttemplate\hpc_projecttemplate\debug\hpc_proj.7aebee7c.tlog\cl.command.1.tlog
c:\youseef\asu university\spring 2025\hpc\mpi_background_subtractor\hpc_projecttemplate\hpc_projecttemplate\debug\hpc_proj.7aebee7c.tlog\cl.read.1.tlog
c:\youseef\asu university\spring 2025\hpc\mpi_background_subtractor\hpc_projecttemplate\hpc_projecttemplate\debug\hpc_proj.7aebee7c.tlog\cl.write.1.tlog
c:\youseef\asu university\spring 2025\hpc\mpi_background_subtractor\hpc_projecttemplate\hpc_projecttemplate\debug\hpc_proj.7aebee7c.tlog\link.command.1.tlog
c:\youseef\asu university\spring 2025\hpc\mpi_background_subtractor\hpc_projecttemplate\hpc_projecttemplate\debug\hpc_proj.7aebee7c.tlog\link.read.1.tlog
c:\youseef\asu university\spring 2025\hpc\mpi_background_subtractor\hpc_projecttemplate\hpc_projecttemplate\debug\hpc_proj.7aebee7c.tlog\link.write.1.tlog
c:\youseef\asu university\spring 2025\hpc\mpi_background_subtractor\hpc_projecttemplate\hpc_projecttemplate\debug\hpc_proj.7aebee7c.tlog\metagen.read.1.tlog
c:\youseef\asu university\spring 2025\hpc\mpi_background_subtractor\hpc_projecttemplate\hpc_projecttemplate\debug\hpc_proj.7aebee7c.tlog\metagen.write.1.tlog
